╭──────────────────────────────────────────────────────────────────╮
│ Configuration for experiment     mus_musculus_autotune_scvi_v2   │
├──────────────────────────────────────────────────────────────────┤
│ Search algorithm                 SearchGenerator                 │
│ Scheduler                        AsyncHyperBandScheduler         │
│ Number of trials                 10                              │
╰──────────────────────────────────────────────────────────────────╯

View detailed results here: /home/bruce/scvi/autotune_data/mus_musculus_autotune_scvi_v2
To visualize your results with TensorBoard, run: `tensorboard --logdir /home/bruce/scvi/autotune_data/mus_musculus_autotune_scvi_v2`

Trial status: 1 PENDING
Current time: 2023-09-12 03:28:12. Total running time: 0s
Logical resource usage: 1.0/192 CPUs, 1.0/8 GPUs (0.0/1.0 accelerator_type:A10G)
╭──────────────────────────────────────────────────────────╮
│ Trial name            status       n_latent     n_layers │
├──────────────────────────────────────────────────────────┤
│ _trainable_1d75aa76   PENDING           100            5 │
╰──────────────────────────────────────────────────────────╯

Trial _trainable_1d75aa76 started with configuration:
╭──────────────────────────────────────────╮
│ Trial _trainable_1d75aa76 config         │
├──────────────────────────────────────────┤
│ n_latent                             100 │
│ n_layers                               5 │
╰──────────────────────────────────────────╯

Trial _trainable_69997923 started with configuration:
╭──────────────────────────────────────────╮
│ Trial _trainable_69997923 config         │
├──────────────────────────────────────────┤
│ n_latent                             200 │
│ n_layers                               5 │
╰──────────────────────────────────────────╯

Trial _trainable_d290ecd7 started with configuration:
╭──────────────────────────────────────────╮
│ Trial _trainable_d290ecd7 config         │
├──────────────────────────────────────────┤
│ n_latent                             200 │
│ n_layers                               5 │
╰──────────────────────────────────────────╯

Trial _trainable_456e59db started with configuration:
╭──────────────────────────────────────────╮
│ Trial _trainable_456e59db config         │
├──────────────────────────────────────────┤
│ n_latent                             200 │
│ n_layers                               2 │
╰──────────────────────────────────────────╯

Trial _trainable_892657d1 started with configuration:
╭──────────────────────────────────────────╮
│ Trial _trainable_892657d1 config         │
├──────────────────────────────────────────┤
│ n_latent                             100 │
│ n_layers                               2 │
╰──────────────────────────────────────────╯

Trial _trainable_a61a3505 started with configuration:
╭──────────────────────────────────────────╮
│ Trial _trainable_a61a3505 config         │
├──────────────────────────────────────────┤
│ n_latent                             200 │
│ n_layers                               1 │
╰──────────────────────────────────────────╯

Trial status: 6 RUNNING | 1 PENDING
Current time: 2023-09-12 03:28:42. Total running time: 30s
Logical resource usage: 7.0/192 CPUs, 7.0/8 GPUs (0.0/1.0 accelerator_type:A10G)
╭──────────────────────────────────────────────────────────╮
│ Trial name            status       n_latent     n_layers │
├──────────────────────────────────────────────────────────┤
│ _trainable_1d75aa76   RUNNING           100            5 │
│ _trainable_69997923   RUNNING           200            5 │
│ _trainable_d290ecd7   RUNNING           200            5 │
│ _trainable_456e59db   RUNNING           200            2 │
│ _trainable_892657d1   RUNNING           100            2 │
│ _trainable_a61a3505   RUNNING           200            1 │
│ _trainable_54d892e7   PENDING            50            2 │
╰──────────────────────────────────────────────────────────╯

Trial _trainable_54d892e7 started with configuration:
╭─────────────────────────────────────────╮
│ Trial _trainable_54d892e7 config        │
├─────────────────────────────────────────┤
│ n_latent                             50 │
│ n_layers                              2 │
╰─────────────────────────────────────────╯

Trial _trainable_835632db started with configuration:
╭─────────────────────────────────────────╮
│ Trial _trainable_835632db config        │
├─────────────────────────────────────────┤
│ n_latent                             50 │
│ n_layers                              1 │
╰─────────────────────────────────────────╯

Trial status: 8 RUNNING | 1 PENDING
Current time: 2023-09-12 03:29:12. Total running time: 1min 0s
Logical resource usage: 8.0/192 CPUs, 8.0/8 GPUs (0.0/1.0 accelerator_type:A10G)
╭──────────────────────────────────────────────────────────╮
│ Trial name            status       n_latent     n_layers │
├──────────────────────────────────────────────────────────┤
│ _trainable_1d75aa76   RUNNING           100            5 │
│ _trainable_69997923   RUNNING           200            5 │
│ _trainable_d290ecd7   RUNNING           200            5 │
│ _trainable_456e59db   RUNNING           200            2 │
│ _trainable_892657d1   RUNNING           100            2 │
│ _trainable_a61a3505   RUNNING           200            1 │
│ _trainable_54d892e7   RUNNING            50            2 │
│ _trainable_835632db   RUNNING            50            1 │
│ _trainable_51db0674   PENDING           100            2 │
╰──────────────────────────────────────────────────────────╯

Trial status: 8 RUNNING | 1 PENDING
Current time: 2023-09-12 03:29:42. Total running time: 1min 30s
Logical resource usage: 8.0/192 CPUs, 8.0/8 GPUs (0.0/1.0 accelerator_type:A10G)
╭──────────────────────────────────────────────────────────────────────────────────────────────────────────╮
│ Trial name            status       n_latent     n_layers     iter     total time (s)     validation_loss │
├──────────────────────────────────────────────────────────────────────────────────────────────────────────┤
│ _trainable_1d75aa76   RUNNING           100            5        1            69.7531             830.818 │
│ _trainable_69997923   RUNNING           200            5        1            68.311              828.475 │
│ _trainable_d290ecd7   RUNNING           200            5        1            70.1468             831.218 │
│ _trainable_456e59db   RUNNING           200            2        1            61.0232             805.392 │
│ _trainable_892657d1   RUNNING           100            2        1            58.7583             807.885 │
│ _trainable_a61a3505   RUNNING           200            1        1            58.6529             785.13  │
│ _trainable_54d892e7   RUNNING            50            2                                                 │
│ _trainable_835632db   RUNNING            50            1                                                 │
│ _trainable_51db0674   PENDING           100            2                                                 │
╰──────────────────────────────────────────────────────────────────────────────────────────────────────────╯

Trial status: 8 RUNNING | 1 PENDING
Current time: 2023-09-12 03:30:12. Total running time: 2min 0s
Logical resource usage: 8.0/192 CPUs, 8.0/8 GPUs (0.0/1.0 accelerator_type:A10G)
╭──────────────────────────────────────────────────────────────────────────────────────────────────────────╮
│ Trial name            status       n_latent     n_layers     iter     total time (s)     validation_loss │
├──────────────────────────────────────────────────────────────────────────────────────────────────────────┤
│ _trainable_1d75aa76   RUNNING           100            5        1            69.7531             830.818 │
│ _trainable_69997923   RUNNING           200            5        1            68.311              828.475 │
│ _trainable_d290ecd7   RUNNING           200            5        1            70.1468             831.218 │
│ _trainable_456e59db   RUNNING           200            2        1            61.0232             805.392 │
│ _trainable_892657d1   RUNNING           100            2        1            58.7583             807.885 │
│ _trainable_a61a3505   RUNNING           200            1        1            58.6529             785.13  │
│ _trainable_54d892e7   RUNNING            50            2        1            58.6036             813.145 │
│ _trainable_835632db   RUNNING            50            1        1            56.1114             817.181 │
│ _trainable_51db0674   PENDING           100            2                                                 │
╰──────────────────────────────────────────────────────────────────────────────────────────────────────────╯

Trial status: 8 RUNNING | 1 PENDING
Current time: 2023-09-12 03:30:42. Total running time: 2min 30s
Logical resource usage: 8.0/192 CPUs, 8.0/8 GPUs (0.0/1.0 accelerator_type:A10G)
╭──────────────────────────────────────────────────────────────────────────────────────────────────────────╮
│ Trial name            status       n_latent     n_layers     iter     total time (s)     validation_loss │
├──────────────────────────────────────────────────────────────────────────────────────────────────────────┤
│ _trainable_1d75aa76   RUNNING           100            5        2            131.345             817.105 │
│ _trainable_69997923   RUNNING           200            5        2            129.48              817.319 │
│ _trainable_d290ecd7   RUNNING           200            5        2            132.249             821.356 │
│ _trainable_456e59db   RUNNING           200            2        2            114.563             785.465 │
│ _trainable_892657d1   RUNNING           100            2        2            110.686             792.197 │
│ _trainable_a61a3505   RUNNING           200            1        2            109.767             764.037 │
│ _trainable_54d892e7   RUNNING            50            2        2            110.359             801.193 │
│ _trainable_835632db   RUNNING            50            1        2            105.235             805.491 │
│ _trainable_51db0674   PENDING           100            2                                                 │
╰──────────────────────────────────────────────────────────────────────────────────────────────────────────╯

Trial status: 8 RUNNING | 1 PENDING
Current time: 2023-09-12 03:31:12. Total running time: 3min 0s
Logical resource usage: 8.0/192 CPUs, 8.0/8 GPUs (0.0/1.0 accelerator_type:A10G)
╭──────────────────────────────────────────────────────────────────────────────────────────────────────────╮
│ Trial name            status       n_latent     n_layers     iter     total time (s)     validation_loss │
├──────────────────────────────────────────────────────────────────────────────────────────────────────────┤
│ _trainable_1d75aa76   RUNNING           100            5        2            131.345             817.105 │
│ _trainable_69997923   RUNNING           200            5        2            129.48              817.319 │
│ _trainable_d290ecd7   RUNNING           200            5        2            132.249             821.356 │
│ _trainable_456e59db   RUNNING           200            2        2            114.563             785.465 │
│ _trainable_892657d1   RUNNING           100            2        2            110.686             792.197 │
│ _trainable_a61a3505   RUNNING           200            1        2            109.767             764.037 │
│ _trainable_54d892e7   RUNNING            50            2        2            110.359             801.193 │
│ _trainable_835632db   RUNNING            50            1        2            105.235             805.491 │
│ _trainable_51db0674   PENDING           100            2                                                 │
╰──────────────────────────────────────────────────────────────────────────────────────────────────────────╯

Trial status: 8 RUNNING | 1 PENDING
Current time: 2023-09-12 03:31:42. Total running time: 3min 30s
Logical resource usage: 8.0/192 CPUs, 8.0/8 GPUs (0.0/1.0 accelerator_type:A10G)
╭──────────────────────────────────────────────────────────────────────────────────────────────────────────╮
│ Trial name            status       n_latent     n_layers     iter     total time (s)     validation_loss │
├──────────────────────────────────────────────────────────────────────────────────────────────────────────┤
│ _trainable_1d75aa76   RUNNING           100            5        3            192.994             814.462 │
│ _trainable_69997923   RUNNING           200            5        3            190.384             812.246 │
│ _trainable_d290ecd7   RUNNING           200            5        3            194.195             815.004 │
│ _trainable_456e59db   RUNNING           200            2        3            168.019             780.122 │
│ _trainable_892657d1   RUNNING           100            2        3            162.677             787.344 │
│ _trainable_a61a3505   RUNNING           200            1        3            160.48              758.985 │
│ _trainable_54d892e7   RUNNING            50            2        3            161.841             797.661 │
│ _trainable_835632db   RUNNING            50            1        3            154.15              800.452 │
│ _trainable_51db0674   PENDING           100            2                                                 │
╰──────────────────────────────────────────────────────────────────────────────────────────────────────────╯

Trial status: 8 RUNNING | 1 PENDING
Current time: 2023-09-12 03:32:12. Total running time: 4min 0s
Logical resource usage: 8.0/192 CPUs, 8.0/8 GPUs (0.0/1.0 accelerator_type:A10G)
╭──────────────────────────────────────────────────────────────────────────────────────────────────────────╮
│ Trial name            status       n_latent     n_layers     iter     total time (s)     validation_loss │
├──────────────────────────────────────────────────────────────────────────────────────────────────────────┤
│ _trainable_1d75aa76   RUNNING           100            5        3            192.994             814.462 │
│ _trainable_69997923   RUNNING           200            5        3            190.384             812.246 │
│ _trainable_d290ecd7   RUNNING           200            5        3            194.195             815.004 │
│ _trainable_456e59db   RUNNING           200            2        3            168.019             780.122 │
│ _trainable_892657d1   RUNNING           100            2        4            214.602             785.181 │
│ _trainable_a61a3505   RUNNING           200            1        4            210.195             756.531 │
│ _trainable_54d892e7   RUNNING            50            2        3            161.841             797.661 │
│ _trainable_835632db   RUNNING            50            1        3            154.15              800.452 │
│ _trainable_51db0674   PENDING           100            2                                                 │
╰──────────────────────────────────────────────────────────────────────────────────────────────────────────╯

Trial status: 8 RUNNING | 1 PENDING
Current time: 2023-09-12 03:32:42. Total running time: 4min 30s
Logical resource usage: 8.0/192 CPUs, 8.0/8 GPUs (0.0/1.0 accelerator_type:A10G)
╭──────────────────────────────────────────────────────────────────────────────────────────────────────────╮
│ Trial name            status       n_latent     n_layers     iter     total time (s)     validation_loss │
├──────────────────────────────────────────────────────────────────────────────────────────────────────────┤
│ _trainable_1d75aa76   RUNNING           100            5        4            254.904             809.886 │
│ _trainable_69997923   RUNNING           200            5        4            251.332             811.068 │
│ _trainable_d290ecd7   RUNNING           200            5        3            194.195             815.004 │
│ _trainable_456e59db   RUNNING           200            2        4            221.45              776.364 │
│ _trainable_892657d1   RUNNING           100            2        4            214.602             785.181 │
│ _trainable_a61a3505   RUNNING           200            1        4            210.195             756.531 │
│ _trainable_54d892e7   RUNNING            50            2        4            213.521             795.664 │
│ _trainable_835632db   RUNNING            50            1        4            203.173             800.229 │
│ _trainable_51db0674   PENDING           100            2                                                 │
╰──────────────────────────────────────────────────────────────────────────────────────────────────────────╯

Trial _trainable_835632db completed after 5 iterations at 2023-09-12 03:33:02. Total running time: 4min 50s
╭──────────────────────────────────────────────╮
│ Trial _trainable_835632db result             │
├──────────────────────────────────────────────┤
│ time_this_iter_s                     48.9983 │
│ time_total_s                         252.172 │
│ training_iteration                         5 │
│ validation_loss                      797.854 │
╰──────────────────────────────────────────────╯

Trial _trainable_51db0674 started with configuration:
╭──────────────────────────────────────────╮
│ Trial _trainable_51db0674 config         │
├──────────────────────────────────────────┤
│ n_latent                             100 │
│ n_layers                               2 │
╰──────────────────────────────────────────╯

Trial _trainable_892657d1 completed after 5 iterations at 2023-09-12 03:33:03. Total running time: 4min 51s
╭──────────────────────────────────────────────╮
│ Trial _trainable_892657d1 result             │
├──────────────────────────────────────────────┤
│ time_this_iter_s                     52.0041 │
│ time_total_s                         266.606 │
│ training_iteration                         5 │
│ validation_loss                      783.791 │
╰──────────────────────────────────────────────╯

Trial _trainable_7773ef0a started with configuration:
╭──────────────────────────────────────────╮
│ Trial _trainable_7773ef0a config         │
├──────────────────────────────────────────┤
│ n_latent                             200 │
│ n_layers                               5 │
╰──────────────────────────────────────────╯

Trial _trainable_54d892e7 completed after 5 iterations at 2023-09-12 03:33:11. Total running time: 4min 58s
╭──────────────────────────────────────────────╮
│ Trial _trainable_54d892e7 result             │
├──────────────────────────────────────────────┤
│ time_this_iter_s                     51.6543 │
│ time_total_s                         265.176 │
│ training_iteration                         5 │
│ validation_loss                      794.653 │
╰──────────────────────────────────────────────╯

Trial status: 7 RUNNING | 3 TERMINATED
Current time: 2023-09-12 03:33:12. Total running time: 5min 0s
Logical resource usage: 7.0/192 CPUs, 7.0/8 GPUs (0.0/1.0 accelerator_type:A10G)
╭────────────────────────────────────────────────────────────────────────────────────────────────────────────╮
│ Trial name            status         n_latent     n_layers     iter     total time (s)     validation_loss │
├────────────────────────────────────────────────────────────────────────────────────────────────────────────┤
│ _trainable_1d75aa76   RUNNING             100            5        4            254.904             809.886 │
│ _trainable_69997923   RUNNING             200            5        4            251.332             811.068 │
│ _trainable_d290ecd7   RUNNING             200            5        4            256.264             812.349 │
│ _trainable_456e59db   RUNNING             200            2        5            274.722             773.793 │
│ _trainable_a61a3505   RUNNING             200            1        5            260.002             753.979 │
│ _trainable_51db0674   RUNNING             100            2                                                 │
│ _trainable_7773ef0a   RUNNING             200            5                                                 │
│ _trainable_892657d1   TERMINATED          100            2        5            266.606             783.791 │
│ _trainable_54d892e7   TERMINATED           50            2        5            265.176             794.653 │
│ _trainable_835632db   TERMINATED           50            1        5            252.172             797.854 │
╰────────────────────────────────────────────────────────────────────────────────────────────────────────────╯

Trial _trainable_69997923 completed after 5 iterations at 2023-09-12 03:33:33. Total running time: 5min 21s
╭──────────────────────────────────────────────╮
│ Trial _trainable_69997923 result             │
├──────────────────────────────────────────────┤
│ time_this_iter_s                     60.8573 │
│ time_total_s                          312.19 │
│ training_iteration                         5 │
│ validation_loss                      808.164 │
╰──────────────────────────────────────────────╯

Trial _trainable_1d75aa76 completed after 5 iterations at 2023-09-12 03:33:34. Total running time: 5min 21s
╭──────────────────────────────────────────────╮
│ Trial _trainable_1d75aa76 result             │
├──────────────────────────────────────────────┤
│ time_this_iter_s                     62.0912 │
│ time_total_s                         316.995 │
│ training_iteration                         5 │
│ validation_loss                      808.488 │
╰──────────────────────────────────────────────╯

Trial status: 5 TERMINATED | 5 RUNNING
Current time: 2023-09-12 03:33:42. Total running time: 5min 30s
Logical resource usage: 5.0/192 CPUs, 5.0/8 GPUs (0.0/1.0 accelerator_type:A10G)
╭────────────────────────────────────────────────────────────────────────────────────────────────────────────╮
│ Trial name            status         n_latent     n_layers     iter     total time (s)     validation_loss │
├────────────────────────────────────────────────────────────────────────────────────────────────────────────┤
│ _trainable_d290ecd7   RUNNING             200            5        4            256.264             812.349 │
│ _trainable_456e59db   RUNNING             200            2        5            274.722             773.793 │
│ _trainable_a61a3505   RUNNING             200            1        5            260.002             753.979 │
│ _trainable_51db0674   RUNNING             100            2                                                 │
│ _trainable_7773ef0a   RUNNING             200            5                                                 │
│ _trainable_1d75aa76   TERMINATED          100            5        5            316.995             808.488 │
│ _trainable_69997923   TERMINATED          200            5        5            312.19              808.164 │
│ _trainable_892657d1   TERMINATED          100            2        5            266.606             783.791 │
│ _trainable_54d892e7   TERMINATED           50            2        5            265.176             794.653 │
│ _trainable_835632db   TERMINATED           50            1        5            252.172             797.854 │
╰────────────────────────────────────────────────────────────────────────────────────────────────────────────╯

Trial _trainable_d290ecd7 completed after 5 iterations at 2023-09-12 03:33:46. Total running time: 5min 34s
╭──────────────────────────────────────────────╮
│ Trial _trainable_d290ecd7 result             │
├──────────────────────────────────────────────┤
│ time_this_iter_s                     62.4553 │
│ time_total_s                         318.719 │
│ training_iteration                         5 │
│ validation_loss                      810.421 │
╰──────────────────────────────────────────────╯

Trial status: 6 TERMINATED | 4 RUNNING
Current time: 2023-09-12 03:34:12. Total running time: 6min 0s
Logical resource usage: 4.0/192 CPUs, 4.0/8 GPUs (0.0/1.0 accelerator_type:A10G)
╭────────────────────────────────────────────────────────────────────────────────────────────────────────────╮
│ Trial name            status         n_latent     n_layers     iter     total time (s)     validation_loss │
├────────────────────────────────────────────────────────────────────────────────────────────────────────────┤
│ _trainable_456e59db   RUNNING             200            2        6           328.24               772.606 │
│ _trainable_a61a3505   RUNNING             200            1        6           310.097              752.851 │
│ _trainable_51db0674   RUNNING             100            2        1            56.9941             806.079 │
│ _trainable_7773ef0a   RUNNING             200            5        1            65.5443             829.09  │
│ _trainable_1d75aa76   TERMINATED          100            5        5           316.995              808.488 │
│ _trainable_69997923   TERMINATED          200            5        5           312.19               808.164 │
│ _trainable_d290ecd7   TERMINATED          200            5        5           318.719              810.421 │
│ _trainable_892657d1   TERMINATED          100            2        5           266.606              783.791 │
│ _trainable_54d892e7   TERMINATED           50            2        5           265.176              794.653 │
│ _trainable_835632db   TERMINATED           50            1        5           252.172              797.854 │
╰────────────────────────────────────────────────────────────────────────────────────────────────────────────╯

Trial status: 6 TERMINATED | 4 RUNNING
Current time: 2023-09-12 03:34:42. Total running time: 6min 30s
Logical resource usage: 4.0/192 CPUs, 4.0/8 GPUs (0.0/1.0 accelerator_type:A10G)
╭────────────────────────────────────────────────────────────────────────────────────────────────────────────╮
│ Trial name            status         n_latent     n_layers     iter     total time (s)     validation_loss │
├────────────────────────────────────────────────────────────────────────────────────────────────────────────┤
│ _trainable_456e59db   RUNNING             200            2        6           328.24               772.606 │
│ _trainable_a61a3505   RUNNING             200            1        7           359.971              751.946 │
│ _trainable_51db0674   RUNNING             100            2        1            56.9941             806.079 │
│ _trainable_7773ef0a   RUNNING             200            5        1            65.5443             829.09  │
│ _trainable_1d75aa76   TERMINATED          100            5        5           316.995              808.488 │
│ _trainable_69997923   TERMINATED          200            5        5           312.19               808.164 │
│ _trainable_d290ecd7   TERMINATED          200            5        5           318.719              810.421 │
│ _trainable_892657d1   TERMINATED          100            2        5           266.606              783.791 │
│ _trainable_54d892e7   TERMINATED           50            2        5           265.176              794.653 │
│ _trainable_835632db   TERMINATED           50            1        5           252.172              797.854 │
╰────────────────────────────────────────────────────────────────────────────────────────────────────────────╯

Trial status: 6 TERMINATED | 4 RUNNING
Current time: 2023-09-12 03:35:12. Total running time: 7min 0s
Logical resource usage: 4.0/192 CPUs, 4.0/8 GPUs (0.0/1.0 accelerator_type:A10G)
╭────────────────────────────────────────────────────────────────────────────────────────────────────────────╮
│ Trial name            status         n_latent     n_layers     iter     total time (s)     validation_loss │
├────────────────────────────────────────────────────────────────────────────────────────────────────────────┤
│ _trainable_456e59db   RUNNING             200            2        7            381.936             770.939 │
│ _trainable_a61a3505   RUNNING             200            1        7            359.971             751.946 │
│ _trainable_51db0674   RUNNING             100            2        2            109.995             790.835 │
│ _trainable_7773ef0a   RUNNING             200            5        2            126.44              816.57  │
│ _trainable_1d75aa76   TERMINATED          100            5        5            316.995             808.488 │
│ _trainable_69997923   TERMINATED          200            5        5            312.19              808.164 │
│ _trainable_d290ecd7   TERMINATED          200            5        5            318.719             810.421 │
│ _trainable_892657d1   TERMINATED          100            2        5            266.606             783.791 │
│ _trainable_54d892e7   TERMINATED           50            2        5            265.176             794.653 │
│ _trainable_835632db   TERMINATED           50            1        5            252.172             797.854 │
╰────────────────────────────────────────────────────────────────────────────────────────────────────────────╯

Trial status: 6 TERMINATED | 4 RUNNING
Current time: 2023-09-12 03:35:43. Total running time: 7min 30s
Logical resource usage: 4.0/192 CPUs, 4.0/8 GPUs (0.0/1.0 accelerator_type:A10G)
╭────────────────────────────────────────────────────────────────────────────────────────────────────────────╮
│ Trial name            status         n_latent     n_layers     iter     total time (s)     validation_loss │
├────────────────────────────────────────────────────────────────────────────────────────────────────────────┤
│ _trainable_456e59db   RUNNING             200            2        7            381.936             770.939 │
│ _trainable_a61a3505   RUNNING             200            1        8            409.941             751.614 │
│ _trainable_51db0674   RUNNING             100            2        2            109.995             790.835 │
│ _trainable_7773ef0a   RUNNING             200            5        2            126.44              816.57  │
│ _trainable_1d75aa76   TERMINATED          100            5        5            316.995             808.488 │
│ _trainable_69997923   TERMINATED          200            5        5            312.19              808.164 │
│ _trainable_d290ecd7   TERMINATED          200            5        5            318.719             810.421 │
│ _trainable_892657d1   TERMINATED          100            2        5            266.606             783.791 │
│ _trainable_54d892e7   TERMINATED           50            2        5            265.176             794.653 │
│ _trainable_835632db   TERMINATED           50            1        5            252.172             797.854 │
╰────────────────────────────────────────────────────────────────────────────────────────────────────────────╯

Trial status: 6 TERMINATED | 4 RUNNING
Current time: 2023-09-12 03:36:13. Total running time: 8min 0s
Logical resource usage: 4.0/192 CPUs, 4.0/8 GPUs (0.0/1.0 accelerator_type:A10G)
╭────────────────────────────────────────────────────────────────────────────────────────────────────────────╮
│ Trial name            status         n_latent     n_layers     iter     total time (s)     validation_loss │
├────────────────────────────────────────────────────────────────────────────────────────────────────────────┤
│ _trainable_456e59db   RUNNING             200            2        8            435.876             769.998 │
│ _trainable_a61a3505   RUNNING             200            1        8            409.941             751.614 │
│ _trainable_51db0674   RUNNING             100            2        3            163.133             785.476 │
│ _trainable_7773ef0a   RUNNING             200            5        3            187.387             812.513 │
│ _trainable_1d75aa76   TERMINATED          100            5        5            316.995             808.488 │
│ _trainable_69997923   TERMINATED          200            5        5            312.19              808.164 │
│ _trainable_d290ecd7   TERMINATED          200            5        5            318.719             810.421 │
│ _trainable_892657d1   TERMINATED          100            2        5            266.606             783.791 │
│ _trainable_54d892e7   TERMINATED           50            2        5            265.176             794.653 │
│ _trainable_835632db   TERMINATED           50            1        5            252.172             797.854 │
╰────────────────────────────────────────────────────────────────────────────────────────────────────────────╯

Trial status: 6 TERMINATED | 4 RUNNING
Current time: 2023-09-12 03:36:43. Total running time: 8min 30s
Logical resource usage: 4.0/192 CPUs, 4.0/8 GPUs (0.0/1.0 accelerator_type:A10G)
╭────────────────────────────────────────────────────────────────────────────────────────────────────────────╮
│ Trial name            status         n_latent     n_layers     iter     total time (s)     validation_loss │
├────────────────────────────────────────────────────────────────────────────────────────────────────────────┤
│ _trainable_456e59db   RUNNING             200            2        9            489.715             769.438 │
│ _trainable_a61a3505   RUNNING             200            1        9            459.857             751.861 │
│ _trainable_51db0674   RUNNING             100            2        4            216.197             783.375 │
│ _trainable_7773ef0a   RUNNING             200            5        3            187.387             812.513 │
│ _trainable_1d75aa76   TERMINATED          100            5        5            316.995             808.488 │
│ _trainable_69997923   TERMINATED          200            5        5            312.19              808.164 │
│ _trainable_d290ecd7   TERMINATED          200            5        5            318.719             810.421 │
│ _trainable_892657d1   TERMINATED          100            2        5            266.606             783.791 │
│ _trainable_54d892e7   TERMINATED           50            2        5            265.176             794.653 │
│ _trainable_835632db   TERMINATED           50            1        5            252.172             797.854 │
╰────────────────────────────────────────────────────────────────────────────────────────────────────────────╯

Trial status: 6 TERMINATED | 4 RUNNING
Current time: 2023-09-12 03:37:13. Total running time: 9min 0s
Logical resource usage: 4.0/192 CPUs, 4.0/8 GPUs (0.0/1.0 accelerator_type:A10G)
╭────────────────────────────────────────────────────────────────────────────────────────────────────────────╮
│ Trial name            status         n_latent     n_layers     iter     total time (s)     validation_loss │
├────────────────────────────────────────────────────────────────────────────────────────────────────────────┤
│ _trainable_456e59db   RUNNING             200            2        9            489.715             769.438 │
│ _trainable_a61a3505   RUNNING             200            1       10            509.641             751.824 │
│ _trainable_51db0674   RUNNING             100            2        4            216.197             783.375 │
│ _trainable_7773ef0a   RUNNING             200            5        4            248.299             809.285 │
│ _trainable_1d75aa76   TERMINATED          100            5        5            316.995             808.488 │
│ _trainable_69997923   TERMINATED          200            5        5            312.19              808.164 │
│ _trainable_d290ecd7   TERMINATED          200            5        5            318.719             810.421 │
│ _trainable_892657d1   TERMINATED          100            2        5            266.606             783.791 │
│ _trainable_54d892e7   TERMINATED           50            2        5            265.176             794.653 │
│ _trainable_835632db   TERMINATED           50            1        5            252.172             797.854 │
╰────────────────────────────────────────────────────────────────────────────────────────────────────────────╯

Trial _trainable_456e59db completed after 10 iterations at 2023-09-12 03:37:35. Total running time: 9min 23s
╭──────────────────────────────────────────────╮
│ Trial _trainable_456e59db result             │
├──────────────────────────────────────────────┤
│ time_this_iter_s                     53.7039 │
│ time_total_s                         543.419 │
│ training_iteration                        10 │
│ validation_loss                      768.504 │
╰──────────────────────────────────────────────╯

Trial status: 7 TERMINATED | 3 RUNNING
Current time: 2023-09-12 03:37:43. Total running time: 9min 30s
Logical resource usage: 3.0/192 CPUs, 3.0/8 GPUs (0.0/1.0 accelerator_type:A10G)
╭────────────────────────────────────────────────────────────────────────────────────────────────────────────╮
│ Trial name            status         n_latent     n_layers     iter     total time (s)     validation_loss │
├────────────────────────────────────────────────────────────────────────────────────────────────────────────┤
│ _trainable_a61a3505   RUNNING             200            1       10            509.641             751.824 │
│ _trainable_51db0674   RUNNING             100            2        5            269.107             782.389 │
│ _trainable_7773ef0a   RUNNING             200            5        4            248.299             809.285 │
│ _trainable_1d75aa76   TERMINATED          100            5        5            316.995             808.488 │
│ _trainable_69997923   TERMINATED          200            5        5            312.19              808.164 │
│ _trainable_d290ecd7   TERMINATED          200            5        5            318.719             810.421 │
│ _trainable_456e59db   TERMINATED          200            2       10            543.419             768.504 │
│ _trainable_892657d1   TERMINATED          100            2        5            266.606             783.791 │
│ _trainable_54d892e7   TERMINATED           50            2        5            265.176             794.653 │
│ _trainable_835632db   TERMINATED           50            1        5            252.172             797.854 │
╰────────────────────────────────────────────────────────────────────────────────────────────────────────────╯

Trial status: 7 TERMINATED | 3 RUNNING
Current time: 2023-09-12 03:38:13. Total running time: 10min 0s
Logical resource usage: 3.0/192 CPUs, 3.0/8 GPUs (0.0/1.0 accelerator_type:A10G)
╭────────────────────────────────────────────────────────────────────────────────────────────────────────────╮
│ Trial name            status         n_latent     n_layers     iter     total time (s)     validation_loss │
├────────────────────────────────────────────────────────────────────────────────────────────────────────────┤
│ _trainable_a61a3505   RUNNING             200            1       11            559.409             751.424 │
│ _trainable_51db0674   RUNNING             100            2        5            269.107             782.389 │
│ _trainable_7773ef0a   RUNNING             200            5        4            248.299             809.285 │
│ _trainable_1d75aa76   TERMINATED          100            5        5            316.995             808.488 │
│ _trainable_69997923   TERMINATED          200            5        5            312.19              808.164 │
│ _trainable_d290ecd7   TERMINATED          200            5        5            318.719             810.421 │
│ _trainable_456e59db   TERMINATED          200            2       10            543.419             768.504 │
│ _trainable_892657d1   TERMINATED          100            2        5            266.606             783.791 │
│ _trainable_54d892e7   TERMINATED           50            2        5            265.176             794.653 │
│ _trainable_835632db   TERMINATED           50            1        5            252.172             797.854 │
╰────────────────────────────────────────────────────────────────────────────────────────────────────────────╯

Trial _trainable_7773ef0a completed after 5 iterations at 2023-09-12 03:38:13. Total running time: 10min 0s
╭──────────────────────────────────────────────╮
│ Trial _trainable_7773ef0a result             │
├──────────────────────────────────────────────┤
│ time_this_iter_s                     61.4255 │
│ time_total_s                         309.725 │
│ training_iteration                         5 │
│ validation_loss                      807.671 │
╰──────────────────────────────────────────────╯

Trial status: 8 TERMINATED | 2 RUNNING
Current time: 2023-09-12 03:38:43. Total running time: 10min 30s
Logical resource usage: 2.0/192 CPUs, 2.0/8 GPUs (0.0/1.0 accelerator_type:A10G)
╭────────────────────────────────────────────────────────────────────────────────────────────────────────────╮
│ Trial name            status         n_latent     n_layers     iter     total time (s)     validation_loss │
├────────────────────────────────────────────────────────────────────────────────────────────────────────────┤
│ _trainable_a61a3505   RUNNING             200            1       11            559.409             751.424 │
│ _trainable_51db0674   RUNNING             100            2        6            322.381             781.064 │
│ _trainable_1d75aa76   TERMINATED          100            5        5            316.995             808.488 │
│ _trainable_69997923   TERMINATED          200            5        5            312.19              808.164 │
│ _trainable_d290ecd7   TERMINATED          200            5        5            318.719             810.421 │
│ _trainable_456e59db   TERMINATED          200            2       10            543.419             768.504 │
│ _trainable_892657d1   TERMINATED          100            2        5            266.606             783.791 │
│ _trainable_54d892e7   TERMINATED           50            2        5            265.176             794.653 │
│ _trainable_835632db   TERMINATED           50            1        5            252.172             797.854 │
│ _trainable_7773ef0a   TERMINATED          200            5        5            309.725             807.671 │
╰────────────────────────────────────────────────────────────────────────────────────────────────────────────╯

Trial status: 8 TERMINATED | 2 RUNNING
Current time: 2023-09-12 03:39:13. Total running time: 11min 1s
Logical resource usage: 2.0/192 CPUs, 2.0/8 GPUs (0.0/1.0 accelerator_type:A10G)
╭────────────────────────────────────────────────────────────────────────────────────────────────────────────╮
│ Trial name            status         n_latent     n_layers     iter     total time (s)     validation_loss │
├────────────────────────────────────────────────────────────────────────────────────────────────────────────┤
│ _trainable_a61a3505   RUNNING             200            1       12            609.894             751.867 │
│ _trainable_51db0674   RUNNING             100            2        6            322.381             781.064 │
│ _trainable_1d75aa76   TERMINATED          100            5        5            316.995             808.488 │
│ _trainable_69997923   TERMINATED          200            5        5            312.19              808.164 │
│ _trainable_d290ecd7   TERMINATED          200            5        5            318.719             810.421 │
│ _trainable_456e59db   TERMINATED          200            2       10            543.419             768.504 │
│ _trainable_892657d1   TERMINATED          100            2        5            266.606             783.791 │
│ _trainable_54d892e7   TERMINATED           50            2        5            265.176             794.653 │
│ _trainable_835632db   TERMINATED           50            1        5            252.172             797.854 │
│ _trainable_7773ef0a   TERMINATED          200            5        5            309.725             807.671 │
╰────────────────────────────────────────────────────────────────────────────────────────────────────────────╯

Trial status: 8 TERMINATED | 2 RUNNING
Current time: 2023-09-12 03:39:43. Total running time: 11min 31s
Logical resource usage: 2.0/192 CPUs, 2.0/8 GPUs (0.0/1.0 accelerator_type:A10G)
╭────────────────────────────────────────────────────────────────────────────────────────────────────────────╮
│ Trial name            status         n_latent     n_layers     iter     total time (s)     validation_loss │
├────────────────────────────────────────────────────────────────────────────────────────────────────────────┤
│ _trainable_a61a3505   RUNNING             200            1       13            659.979             751.862 │
│ _trainable_51db0674   RUNNING             100            2        7            374.601             780.403 │
│ _trainable_1d75aa76   TERMINATED          100            5        5            316.995             808.488 │
│ _trainable_69997923   TERMINATED          200            5        5            312.19              808.164 │
│ _trainable_d290ecd7   TERMINATED          200            5        5            318.719             810.421 │
│ _trainable_456e59db   TERMINATED          200            2       10            543.419             768.504 │
│ _trainable_892657d1   TERMINATED          100            2        5            266.606             783.791 │
│ _trainable_54d892e7   TERMINATED           50            2        5            265.176             794.653 │
│ _trainable_835632db   TERMINATED           50            1        5            252.172             797.854 │
│ _trainable_7773ef0a   TERMINATED          200            5        5            309.725             807.671 │
╰────────────────────────────────────────────────────────────────────────────────────────────────────────────╯

Trial status: 8 TERMINATED | 2 RUNNING
Current time: 2023-09-12 03:40:13. Total running time: 12min 1s
Logical resource usage: 2.0/192 CPUs, 2.0/8 GPUs (0.0/1.0 accelerator_type:A10G)
╭────────────────────────────────────────────────────────────────────────────────────────────────────────────╮
│ Trial name            status         n_latent     n_layers     iter     total time (s)     validation_loss │
├────────────────────────────────────────────────────────────────────────────────────────────────────────────┤
│ _trainable_a61a3505   RUNNING             200            1       13            659.979             751.862 │
│ _trainable_51db0674   RUNNING             100            2        8            426.679             780.222 │
│ _trainable_1d75aa76   TERMINATED          100            5        5            316.995             808.488 │
│ _trainable_69997923   TERMINATED          200            5        5            312.19              808.164 │
│ _trainable_d290ecd7   TERMINATED          200            5        5            318.719             810.421 │
│ _trainable_456e59db   TERMINATED          200            2       10            543.419             768.504 │
│ _trainable_892657d1   TERMINATED          100            2        5            266.606             783.791 │
│ _trainable_54d892e7   TERMINATED           50            2        5            265.176             794.653 │
│ _trainable_835632db   TERMINATED           50            1        5            252.172             797.854 │
│ _trainable_7773ef0a   TERMINATED          200            5        5            309.725             807.671 │
╰────────────────────────────────────────────────────────────────────────────────────────────────────────────╯

Trial status: 8 TERMINATED | 2 RUNNING
Current time: 2023-09-12 03:40:43. Total running time: 12min 31s
Logical resource usage: 2.0/192 CPUs, 2.0/8 GPUs (0.0/1.0 accelerator_type:A10G)
╭────────────────────────────────────────────────────────────────────────────────────────────────────────────╮
│ Trial name            status         n_latent     n_layers     iter     total time (s)     validation_loss │
├────────────────────────────────────────────────────────────────────────────────────────────────────────────┤
│ _trainable_a61a3505   RUNNING             200            1       14            709.972             755.33  │
│ _trainable_51db0674   RUNNING             100            2        8            426.679             780.222 │
│ _trainable_1d75aa76   TERMINATED          100            5        5            316.995             808.488 │
│ _trainable_69997923   TERMINATED          200            5        5            312.19              808.164 │
│ _trainable_d290ecd7   TERMINATED          200            5        5            318.719             810.421 │
│ _trainable_456e59db   TERMINATED          200            2       10            543.419             768.504 │
│ _trainable_892657d1   TERMINATED          100            2        5            266.606             783.791 │
│ _trainable_54d892e7   TERMINATED           50            2        5            265.176             794.653 │
│ _trainable_835632db   TERMINATED           50            1        5            252.172             797.854 │
│ _trainable_7773ef0a   TERMINATED          200            5        5            309.725             807.671 │
╰────────────────────────────────────────────────────────────────────────────────────────────────────────────╯

Trial status: 8 TERMINATED | 2 RUNNING
Current time: 2023-09-12 03:41:13. Total running time: 13min 1s
Logical resource usage: 2.0/192 CPUs, 2.0/8 GPUs (0.0/1.0 accelerator_type:A10G)
╭────────────────────────────────────────────────────────────────────────────────────────────────────────────╮
│ Trial name            status         n_latent     n_layers     iter     total time (s)     validation_loss │
├────────────────────────────────────────────────────────────────────────────────────────────────────────────┤
│ _trainable_a61a3505   RUNNING             200            1       14            709.972             755.33  │
│ _trainable_51db0674   RUNNING             100            2        9            479.196             779.554 │
│ _trainable_1d75aa76   TERMINATED          100            5        5            316.995             808.488 │
│ _trainable_69997923   TERMINATED          200            5        5            312.19              808.164 │
│ _trainable_d290ecd7   TERMINATED          200            5        5            318.719             810.421 │
│ _trainable_456e59db   TERMINATED          200            2       10            543.419             768.504 │
│ _trainable_892657d1   TERMINATED          100            2        5            266.606             783.791 │
│ _trainable_54d892e7   TERMINATED           50            2        5            265.176             794.653 │
│ _trainable_835632db   TERMINATED           50            1        5            252.172             797.854 │
│ _trainable_7773ef0a   TERMINATED          200            5        5            309.725             807.671 │
╰────────────────────────────────────────────────────────────────────────────────────────────────────────────╯

Trial status: 8 TERMINATED | 2 RUNNING
Current time: 2023-09-12 03:41:43. Total running time: 13min 31s
Logical resource usage: 2.0/192 CPUs, 2.0/8 GPUs (0.0/1.0 accelerator_type:A10G)
╭────────────────────────────────────────────────────────────────────────────────────────────────────────────╮
│ Trial name            status         n_latent     n_layers     iter     total time (s)     validation_loss │
├────────────────────────────────────────────────────────────────────────────────────────────────────────────┤
│ _trainable_a61a3505   RUNNING             200            1       15            759.941             789.928 │
│ _trainable_51db0674   RUNNING             100            2        9            479.196             779.554 │
│ _trainable_1d75aa76   TERMINATED          100            5        5            316.995             808.488 │
│ _trainable_69997923   TERMINATED          200            5        5            312.19              808.164 │
│ _trainable_d290ecd7   TERMINATED          200            5        5            318.719             810.421 │
│ _trainable_456e59db   TERMINATED          200            2       10            543.419             768.504 │
│ _trainable_892657d1   TERMINATED          100            2        5            266.606             783.791 │
│ _trainable_54d892e7   TERMINATED           50            2        5            265.176             794.653 │
│ _trainable_835632db   TERMINATED           50            1        5            252.172             797.854 │
│ _trainable_7773ef0a   TERMINATED          200            5        5            309.725             807.671 │
╰────────────────────────────────────────────────────────────────────────────────────────────────────────────╯

Trial _trainable_51db0674 completed after 10 iterations at 2023-09-12 03:41:54. Total running time: 13min 42s
╭──────────────────────────────────────────────╮
│ Trial _trainable_51db0674 result             │
├──────────────────────────────────────────────┤
│ time_this_iter_s                     52.3036 │
│ time_total_s                           531.5 │
│ training_iteration                        10 │
│ validation_loss                      780.191 │
╰──────────────────────────────────────────────╯

Trial status: 9 TERMINATED | 1 RUNNING
Current time: 2023-09-12 03:42:13. Total running time: 14min 1s
Logical resource usage: 1.0/192 CPUs, 1.0/8 GPUs (0.0/1.0 accelerator_type:A10G)
╭────────────────────────────────────────────────────────────────────────────────────────────────────────────╮
│ Trial name            status         n_latent     n_layers     iter     total time (s)     validation_loss │
├────────────────────────────────────────────────────────────────────────────────────────────────────────────┤
│ _trainable_a61a3505   RUNNING             200            1       16            809.868             766.854 │
│ _trainable_1d75aa76   TERMINATED          100            5        5            316.995             808.488 │
│ _trainable_69997923   TERMINATED          200            5        5            312.19              808.164 │
│ _trainable_d290ecd7   TERMINATED          200            5        5            318.719             810.421 │
│ _trainable_456e59db   TERMINATED          200            2       10            543.419             768.504 │
│ _trainable_892657d1   TERMINATED          100            2        5            266.606             783.791 │
│ _trainable_54d892e7   TERMINATED           50            2        5            265.176             794.653 │
│ _trainable_835632db   TERMINATED           50            1        5            252.172             797.854 │
│ _trainable_51db0674   TERMINATED          100            2       10            531.5               780.191 │
│ _trainable_7773ef0a   TERMINATED          200            5        5            309.725             807.671 │
╰────────────────────────────────────────────────────────────────────────────────────────────────────────────╯

Trial status: 9 TERMINATED | 1 RUNNING
Current time: 2023-09-12 03:42:43. Total running time: 14min 31s
Logical resource usage: 1.0/192 CPUs, 1.0/8 GPUs (0.0/1.0 accelerator_type:A10G)
╭────────────────────────────────────────────────────────────────────────────────────────────────────────────╮
│ Trial name            status         n_latent     n_layers     iter     total time (s)     validation_loss │
├────────────────────────────────────────────────────────────────────────────────────────────────────────────┤
│ _trainable_a61a3505   RUNNING             200            1       16            809.868             766.854 │
│ _trainable_1d75aa76   TERMINATED          100            5        5            316.995             808.488 │
│ _trainable_69997923   TERMINATED          200            5        5            312.19              808.164 │
│ _trainable_d290ecd7   TERMINATED          200            5        5            318.719             810.421 │
│ _trainable_456e59db   TERMINATED          200            2       10            543.419             768.504 │
│ _trainable_892657d1   TERMINATED          100            2        5            266.606             783.791 │
│ _trainable_54d892e7   TERMINATED           50            2        5            265.176             794.653 │
│ _trainable_835632db   TERMINATED           50            1        5            252.172             797.854 │
│ _trainable_51db0674   TERMINATED          100            2       10            531.5               780.191 │
│ _trainable_7773ef0a   TERMINATED          200            5        5            309.725             807.671 │
╰────────────────────────────────────────────────────────────────────────────────────────────────────────────╯

Trial status: 9 TERMINATED | 1 RUNNING
Current time: 2023-09-12 03:43:13. Total running time: 15min 1s
Logical resource usage: 1.0/192 CPUs, 1.0/8 GPUs (0.0/1.0 accelerator_type:A10G)
╭────────────────────────────────────────────────────────────────────────────────────────────────────────────╮
│ Trial name            status         n_latent     n_layers     iter     total time (s)     validation_loss │
├────────────────────────────────────────────────────────────────────────────────────────────────────────────┤
│ _trainable_a61a3505   RUNNING             200            1       17            859.862             766.609 │
│ _trainable_1d75aa76   TERMINATED          100            5        5            316.995             808.488 │
│ _trainable_69997923   TERMINATED          200            5        5            312.19              808.164 │
│ _trainable_d290ecd7   TERMINATED          200            5        5            318.719             810.421 │
│ _trainable_456e59db   TERMINATED          200            2       10            543.419             768.504 │
│ _trainable_892657d1   TERMINATED          100            2        5            266.606             783.791 │
│ _trainable_54d892e7   TERMINATED           50            2        5            265.176             794.653 │
│ _trainable_835632db   TERMINATED           50            1        5            252.172             797.854 │
│ _trainable_51db0674   TERMINATED          100            2       10            531.5               780.191 │
│ _trainable_7773ef0a   TERMINATED          200            5        5            309.725             807.671 │
╰────────────────────────────────────────────────────────────────────────────────────────────────────────────╯

Trial status: 9 TERMINATED | 1 RUNNING
Current time: 2023-09-12 03:43:43. Total running time: 15min 31s
Logical resource usage: 1.0/192 CPUs, 1.0/8 GPUs (0.0/1.0 accelerator_type:A10G)
╭────────────────────────────────────────────────────────────────────────────────────────────────────────────╮
│ Trial name            status         n_latent     n_layers     iter     total time (s)     validation_loss │
├────────────────────────────────────────────────────────────────────────────────────────────────────────────┤
│ _trainable_a61a3505   RUNNING             200            1       17            859.862             766.609 │
│ _trainable_1d75aa76   TERMINATED          100            5        5            316.995             808.488 │
│ _trainable_69997923   TERMINATED          200            5        5            312.19              808.164 │
│ _trainable_d290ecd7   TERMINATED          200            5        5            318.719             810.421 │
│ _trainable_456e59db   TERMINATED          200            2       10            543.419             768.504 │
│ _trainable_892657d1   TERMINATED          100            2        5            266.606             783.791 │
│ _trainable_54d892e7   TERMINATED           50            2        5            265.176             794.653 │
│ _trainable_835632db   TERMINATED           50            1        5            252.172             797.854 │
│ _trainable_51db0674   TERMINATED          100            2       10            531.5               780.191 │
│ _trainable_7773ef0a   TERMINATED          200            5        5            309.725             807.671 │
╰────────────────────────────────────────────────────────────────────────────────────────────────────────────╯

Trial status: 9 TERMINATED | 1 RUNNING
Current time: 2023-09-12 03:44:13. Total running time: 16min 1s
Logical resource usage: 1.0/192 CPUs, 1.0/8 GPUs (0.0/1.0 accelerator_type:A10G)
╭────────────────────────────────────────────────────────────────────────────────────────────────────────────╮
│ Trial name            status         n_latent     n_layers     iter     total time (s)     validation_loss │
├────────────────────────────────────────────────────────────────────────────────────────────────────────────┤
│ _trainable_a61a3505   RUNNING             200            1       18            909.854             770.727 │
│ _trainable_1d75aa76   TERMINATED          100            5        5            316.995             808.488 │
│ _trainable_69997923   TERMINATED          200            5        5            312.19              808.164 │
│ _trainable_d290ecd7   TERMINATED          200            5        5            318.719             810.421 │
│ _trainable_456e59db   TERMINATED          200            2       10            543.419             768.504 │
│ _trainable_892657d1   TERMINATED          100            2        5            266.606             783.791 │
│ _trainable_54d892e7   TERMINATED           50            2        5            265.176             794.653 │
│ _trainable_835632db   TERMINATED           50            1        5            252.172             797.854 │
│ _trainable_51db0674   TERMINATED          100            2       10            531.5               780.191 │
│ _trainable_7773ef0a   TERMINATED          200            5        5            309.725             807.671 │
╰────────────────────────────────────────────────────────────────────────────────────────────────────────────╯

Trial status: 9 TERMINATED | 1 RUNNING
Current time: 2023-09-12 03:44:44. Total running time: 16min 31s
Logical resource usage: 1.0/192 CPUs, 1.0/8 GPUs (0.0/1.0 accelerator_type:A10G)
╭────────────────────────────────────────────────────────────────────────────────────────────────────────────╮
│ Trial name            status         n_latent     n_layers     iter     total time (s)     validation_loss │
├────────────────────────────────────────────────────────────────────────────────────────────────────────────┤
│ _trainable_a61a3505   RUNNING             200            1       19            959.661             769.881 │
│ _trainable_1d75aa76   TERMINATED          100            5        5            316.995             808.488 │
│ _trainable_69997923   TERMINATED          200            5        5            312.19              808.164 │
│ _trainable_d290ecd7   TERMINATED          200            5        5            318.719             810.421 │
│ _trainable_456e59db   TERMINATED          200            2       10            543.419             768.504 │
│ _trainable_892657d1   TERMINATED          100            2        5            266.606             783.791 │
│ _trainable_54d892e7   TERMINATED           50            2        5            265.176             794.653 │
│ _trainable_835632db   TERMINATED           50            1        5            252.172             797.854 │
│ _trainable_51db0674   TERMINATED          100            2       10            531.5               780.191 │
│ _trainable_7773ef0a   TERMINATED          200            5        5            309.725             807.671 │
╰────────────────────────────────────────────────────────────────────────────────────────────────────────────╯

Trial status: 9 TERMINATED | 1 RUNNING
Current time: 2023-09-12 03:45:14. Total running time: 17min 1s
Logical resource usage: 1.0/192 CPUs, 1.0/8 GPUs (0.0/1.0 accelerator_type:A10G)
╭────────────────────────────────────────────────────────────────────────────────────────────────────────────╮
│ Trial name            status         n_latent     n_layers     iter     total time (s)     validation_loss │
├────────────────────────────────────────────────────────────────────────────────────────────────────────────┤
│ _trainable_a61a3505   RUNNING             200            1       19            959.661             769.881 │
│ _trainable_1d75aa76   TERMINATED          100            5        5            316.995             808.488 │
│ _trainable_69997923   TERMINATED          200            5        5            312.19              808.164 │
│ _trainable_d290ecd7   TERMINATED          200            5        5            318.719             810.421 │
│ _trainable_456e59db   TERMINATED          200            2       10            543.419             768.504 │
│ _trainable_892657d1   TERMINATED          100            2        5            266.606             783.791 │
│ _trainable_54d892e7   TERMINATED           50            2        5            265.176             794.653 │
│ _trainable_835632db   TERMINATED           50            1        5            252.172             797.854 │
│ _trainable_51db0674   TERMINATED          100            2       10            531.5               780.191 │
│ _trainable_7773ef0a   TERMINATED          200            5        5            309.725             807.671 │
╰────────────────────────────────────────────────────────────────────────────────────────────────────────────╯

Trial _trainable_a61a3505 completed after 20 iterations at 2023-09-12 03:45:31. Total running time: 17min 18s
╭──────────────────────────────────────────────╮
│ Trial _trainable_a61a3505 result             │
├──────────────────────────────────────────────┤
│ time_this_iter_s                     49.9249 │
│ time_total_s                         1009.59 │
│ training_iteration                        20 │
│ validation_loss                      766.523 │
╰──────────────────────────────────────────────╯

Trial status: 10 TERMINATED
Current time: 2023-09-12 03:45:31. Total running time: 17min 18s
Logical resource usage: 1.0/192 CPUs, 1.0/8 GPUs (0.0/1.0 accelerator_type:A10G)
╭────────────────────────────────────────────────────────────────────────────────────────────────────────────╮
│ Trial name            status         n_latent     n_layers     iter     total time (s)     validation_loss │
├────────────────────────────────────────────────────────────────────────────────────────────────────────────┤
│ _trainable_1d75aa76   TERMINATED          100            5        5            316.995             808.488 │
│ _trainable_69997923   TERMINATED          200            5        5            312.19              808.164 │
│ _trainable_d290ecd7   TERMINATED          200            5        5            318.719             810.421 │
│ _trainable_456e59db   TERMINATED          200            2       10            543.419             768.504 │
│ _trainable_892657d1   TERMINATED          100            2        5            266.606             783.791 │
│ _trainable_a61a3505   TERMINATED          200            1       20           1009.59              766.523 │
│ _trainable_54d892e7   TERMINATED           50            2        5            265.176             794.653 │
│ _trainable_835632db   TERMINATED           50            1        5            252.172             797.854 │
│ _trainable_51db0674   TERMINATED          100            2       10            531.5               780.191 │
│ _trainable_7773ef0a   TERMINATED          200            5        5            309.725             807.671 │
╰────────────────────────────────────────────────────────────────────────────────────────────────────────────╯

