/home/bruce/scvi/venv/lib/python3.10/site-packages/scvi/data/fields/_dataframe_field.py:189: UserWarning: Category 86 in adata.obs['_scvi_batch'] has fewer than 3 cells. Models may not train properly.
  categorical_mapping = _make_column_categorical(
/home/bruce/scvi/venv/lib/python3.10/site-packages/ray/air/config.py:803: UserWarning: Setting a `RunConfig.local_dir` is deprecated and will be removed in the future. If you are not using remote storage,set the `RunConfig.storage_path` instead. Otherwise, set the`RAY_AIR_LOCAL_CACHE_DIR` environment variable to control the local cache location.
  warnings.warn(
[2m[36m(_trainable pid=151468)[0m /home/bruce/scvi/venv/lib/python3.10/site-packages/scvi/data/fields/_dataframe_field.py:189: UserWarning: Category 86 in adata.obs['_scvi_batch'] has fewer than 3 cells. Models may not train properly.
[2m[36m(_trainable pid=151468)[0m   categorical_mapping = _make_column_categorical(
[2m[36m(_trainable pid=152639)[0m /home/bruce/scvi/venv/lib/python3.10/site-packages/scvi/data/fields/_dataframe_field.py:189: UserWarning: Category 86 in adata.obs['_scvi_batch'] has fewer than 3 cells. Models may not train properly.[32m [repeated 2x across cluster] (Ray deduplicates logs by default. Set RAY_DEDUP_LOGS=0 to disable log deduplication, or see https://docs.ray.io/en/master/ray-observability/ray-logging.html#log-deduplication for more options.)[0m
[2m[36m(_trainable pid=152639)[0m   categorical_mapping = _make_column_categorical([32m [repeated 2x across cluster][0m
[2m[36m(_trainable pid=154602)[0m /home/bruce/scvi/venv/lib/python3.10/site-packages/scvi/data/fields/_dataframe_field.py:189: UserWarning: Category 86 in adata.obs['_scvi_batch'] has fewer than 3 cells. Models may not train properly.[32m [repeated 2x across cluster][0m
[2m[36m(_trainable pid=154602)[0m   categorical_mapping = _make_column_categorical([32m [repeated 2x across cluster][0m
[2m[36m(_trainable pid=156383)[0m /home/bruce/scvi/venv/lib/python3.10/site-packages/scvi/data/fields/_dataframe_field.py:189: UserWarning: Category 86 in adata.obs['_scvi_batch'] has fewer than 3 cells. Models may not train properly.
[2m[36m(_trainable pid=156383)[0m   categorical_mapping = _make_column_categorical(
[2m[36m(_trainable pid=156570)[0m /home/bruce/scvi/venv/lib/python3.10/site-packages/scvi/data/fields/_dataframe_field.py:189: UserWarning: Category 86 in adata.obs['_scvi_batch'] has fewer than 3 cells. Models may not train properly.
[2m[36m(_trainable pid=156570)[0m   categorical_mapping = _make_column_categorical(
[2m[36m(_trainable pid=151468)[0m GPU available: True (cuda), used: True
[2m[36m(_trainable pid=151468)[0m TPU available: False, using: 0 TPU cores
[2m[36m(_trainable pid=151468)[0m IPU available: False, using: 0 IPUs
[2m[36m(_trainable pid=151468)[0m HPU available: False, using: 0 HPUs
[2m[36m(_trainable pid=157551)[0m /home/bruce/scvi/venv/lib/python3.10/site-packages/scvi/data/fields/_dataframe_field.py:189: UserWarning: Category 86 in adata.obs['_scvi_batch'] has fewer than 3 cells. Models may not train properly.
[2m[36m(_trainable pid=157551)[0m   categorical_mapping = _make_column_categorical(
[2m[36m(_trainable pid=151468)[0m You are using a CUDA device ('NVIDIA A10G') that has Tensor Cores. To properly utilize them, you should set `torch.set_float32_matmul_precision('medium' | 'high')` which will trade-off precision for performance. For more details, read https://pytorch.org/docs/stable/generated/torch.set_float32_matmul_precision.html#torch.set_float32_matmul_precision
[2m[36m(_trainable pid=151468)[0m Missing logger folder: /home/bruce/scvi/autotune_data/homo_sapiens_autotune_scvi_v2/_trainable_6e4d3ded_lightning
[2m[36m(_trainable pid=151468)[0m LOCAL_RANK: 0 - CUDA_VISIBLE_DEVICES: [0]
[2m[36m(_trainable pid=151652)[0m GPU available: True (cuda), used: True
[2m[36m(_trainable pid=151652)[0m TPU available: False, using: 0 TPU cores
[2m[36m(_trainable pid=151652)[0m IPU available: False, using: 0 IPUs
[2m[36m(_trainable pid=151652)[0m HPU available: False, using: 0 HPUs
[2m[36m(_trainable pid=152639)[0m GPU available: True (cuda), used: True
[2m[36m(_trainable pid=152639)[0m TPU available: False, using: 0 TPU cores
[2m[36m(_trainable pid=152639)[0m IPU available: False, using: 0 IPUs
[2m[36m(_trainable pid=152639)[0m HPU available: False, using: 0 HPUs
[2m[36m(_trainable pid=151652)[0m You are using a CUDA device ('NVIDIA A10G') that has Tensor Cores. To properly utilize them, you should set `torch.set_float32_matmul_precision('medium' | 'high')` which will trade-off precision for performance. For more details, read https://pytorch.org/docs/stable/generated/torch.set_float32_matmul_precision.html#torch.set_float32_matmul_precision
[2m[36m(_trainable pid=151652)[0m Missing logger folder: /home/bruce/scvi/autotune_data/homo_sapiens_autotune_scvi_v2/_trainable_85aa0348_lightning
[2m[36m(_trainable pid=151652)[0m LOCAL_RANK: 0 - CUDA_VISIBLE_DEVICES: [1]
[2m[36m(_trainable pid=152639)[0m You are using a CUDA device ('NVIDIA A10G') that has Tensor Cores. To properly utilize them, you should set `torch.set_float32_matmul_precision('medium' | 'high')` which will trade-off precision for performance. For more details, read https://pytorch.org/docs/stable/generated/torch.set_float32_matmul_precision.html#torch.set_float32_matmul_precision
[2m[36m(_trainable pid=152639)[0m Missing logger folder: /home/bruce/scvi/autotune_data/homo_sapiens_autotune_scvi_v2/_trainable_4f2aff13_lightning
[2m[36m(_trainable pid=152639)[0m LOCAL_RANK: 0 - CUDA_VISIBLE_DEVICES: [2]
[2m[36m(_trainable pid=154602)[0m GPU available: True (cuda), used: True[32m [repeated 2x across cluster][0m
[2m[36m(_trainable pid=154602)[0m TPU available: False, using: 0 TPU cores[32m [repeated 2x across cluster][0m
[2m[36m(_trainable pid=154602)[0m IPU available: False, using: 0 IPUs[32m [repeated 2x across cluster][0m
[2m[36m(_trainable pid=154602)[0m HPU available: False, using: 0 HPUs[32m [repeated 2x across cluster][0m
[2m[36m(_trainable pid=153621)[0m You are using a CUDA device ('NVIDIA A10G') that has Tensor Cores. To properly utilize them, you should set `torch.set_float32_matmul_precision('medium' | 'high')` which will trade-off precision for performance. For more details, read https://pytorch.org/docs/stable/generated/torch.set_float32_matmul_precision.html#torch.set_float32_matmul_precision
[2m[36m(_trainable pid=153621)[0m Missing logger folder: /home/bruce/scvi/autotune_data/homo_sapiens_autotune_scvi_v2/_trainable_549e8642_lightning
[2m[36m(_trainable pid=153621)[0m LOCAL_RANK: 0 - CUDA_VISIBLE_DEVICES: [3]
[2m[36m(_trainable pid=154602)[0m You are using a CUDA device ('NVIDIA A10G') that has Tensor Cores. To properly utilize them, you should set `torch.set_float32_matmul_precision('medium' | 'high')` which will trade-off precision for performance. For more details, read https://pytorch.org/docs/stable/generated/torch.set_float32_matmul_precision.html#torch.set_float32_matmul_precision
[2m[36m(_trainable pid=154602)[0m Missing logger folder: /home/bruce/scvi/autotune_data/homo_sapiens_autotune_scvi_v2/_trainable_3507c817_lightning
[2m[36m(_trainable pid=154602)[0m LOCAL_RANK: 0 - CUDA_VISIBLE_DEVICES: [4]
[2m[36m(_trainable pid=156383)[0m GPU available: True (cuda), used: True
[2m[36m(_trainable pid=156383)[0m TPU available: False, using: 0 TPU cores
[2m[36m(_trainable pid=156383)[0m IPU available: False, using: 0 IPUs
[2m[36m(_trainable pid=156383)[0m HPU available: False, using: 0 HPUs
[2m[36m(_trainable pid=156383)[0m You are using a CUDA device ('NVIDIA A10G') that has Tensor Cores. To properly utilize them, you should set `torch.set_float32_matmul_precision('medium' | 'high')` which will trade-off precision for performance. For more details, read https://pytorch.org/docs/stable/generated/torch.set_float32_matmul_precision.html#torch.set_float32_matmul_precision
[2m[36m(_trainable pid=156383)[0m Missing logger folder: /home/bruce/scvi/autotune_data/homo_sapiens_autotune_scvi_v2/_trainable_bce31203_lightning
[2m[36m(_trainable pid=156570)[0m GPU available: True (cuda), used: True
[2m[36m(_trainable pid=156570)[0m TPU available: False, using: 0 TPU cores
[2m[36m(_trainable pid=156570)[0m IPU available: False, using: 0 IPUs
[2m[36m(_trainable pid=156570)[0m HPU available: False, using: 0 HPUs
[2m[36m(_trainable pid=156570)[0m You are using a CUDA device ('NVIDIA A10G') that has Tensor Cores. To properly utilize them, you should set `torch.set_float32_matmul_precision('medium' | 'high')` which will trade-off precision for performance. For more details, read https://pytorch.org/docs/stable/generated/torch.set_float32_matmul_precision.html#torch.set_float32_matmul_precision
[2m[36m(_trainable pid=156570)[0m Missing logger folder: /home/bruce/scvi/autotune_data/homo_sapiens_autotune_scvi_v2/_trainable_df9fb522_lightning
[2m[36m(_trainable pid=156383)[0m LOCAL_RANK: 0 - CUDA_VISIBLE_DEVICES: [5]
[2m[36m(_trainable pid=156570)[0m LOCAL_RANK: 0 - CUDA_VISIBLE_DEVICES: [6]
[2m[36m(_trainable pid=157551)[0m GPU available: True (cuda), used: True
[2m[36m(_trainable pid=157551)[0m TPU available: False, using: 0 TPU cores
[2m[36m(_trainable pid=157551)[0m IPU available: False, using: 0 IPUs
[2m[36m(_trainable pid=157551)[0m HPU available: False, using: 0 HPUs
[2m[36m(_trainable pid=157551)[0m You are using a CUDA device ('NVIDIA A10G') that has Tensor Cores. To properly utilize them, you should set `torch.set_float32_matmul_precision('medium' | 'high')` which will trade-off precision for performance. For more details, read https://pytorch.org/docs/stable/generated/torch.set_float32_matmul_precision.html#torch.set_float32_matmul_precision
[2m[36m(_trainable pid=157551)[0m Missing logger folder: /home/bruce/scvi/autotune_data/homo_sapiens_autotune_scvi_v2/_trainable_e111106a_lightning
[2m[36m(_trainable pid=157551)[0m LOCAL_RANK: 0 - CUDA_VISIBLE_DEVICES: [7]
[2m[36m(_trainable pid=153621)[0m /home/bruce/scvi/venv/lib/python3.10/site-packages/scvi/data/fields/_dataframe_field.py:189: UserWarning: Category 86 in adata.obs['_scvi_batch'] has fewer than 3 cells. Models may not train properly.
[2m[36m(_trainable pid=153621)[0m   categorical_mapping = _make_column_categorical(
[2m[36m(_trainable pid=153621)[0m GPU available: True (cuda), used: True
[2m[36m(_trainable pid=153621)[0m TPU available: False, using: 0 TPU cores
[2m[36m(_trainable pid=153621)[0m IPU available: False, using: 0 IPUs
[2m[36m(_trainable pid=153621)[0m HPU available: False, using: 0 HPUs
[2m[36m(_trainable pid=153621)[0m You are using a CUDA device ('NVIDIA A10G') that has Tensor Cores. To properly utilize them, you should set `torch.set_float32_matmul_precision('medium' | 'high')` which will trade-off precision for performance. For more details, read https://pytorch.org/docs/stable/generated/torch.set_float32_matmul_precision.html#torch.set_float32_matmul_precision
[2m[36m(_trainable pid=153621)[0m Missing logger folder: /home/bruce/scvi/autotune_data/homo_sapiens_autotune_scvi_v2/_trainable_23aaa7d7_lightning
[2m[36m(_trainable pid=153621)[0m LOCAL_RANK: 0 - CUDA_VISIBLE_DEVICES: [3]
[2m[36m(_trainable pid=151652)[0m /home/bruce/scvi/venv/lib/python3.10/site-packages/scvi/data/fields/_dataframe_field.py:189: UserWarning: Category 86 in adata.obs['_scvi_batch'] has fewer than 3 cells. Models may not train properly.
[2m[36m(_trainable pid=151652)[0m   categorical_mapping = _make_column_categorical(
[2m[36m(_trainable pid=151652)[0m GPU available: True (cuda), used: True
[2m[36m(_trainable pid=151652)[0m TPU available: False, using: 0 TPU cores
[2m[36m(_trainable pid=151652)[0m IPU available: False, using: 0 IPUs
[2m[36m(_trainable pid=151652)[0m HPU available: False, using: 0 HPUs
[2m[36m(_trainable pid=151652)[0m You are using a CUDA device ('NVIDIA A10G') that has Tensor Cores. To properly utilize them, you should set `torch.set_float32_matmul_precision('medium' | 'high')` which will trade-off precision for performance. For more details, read https://pytorch.org/docs/stable/generated/torch.set_float32_matmul_precision.html#torch.set_float32_matmul_precision
[2m[36m(_trainable pid=151652)[0m Missing logger folder: /home/bruce/scvi/autotune_data/homo_sapiens_autotune_scvi_v2/_trainable_0ede4ea9_lightning
[2m[36m(_trainable pid=151652)[0m LOCAL_RANK: 0 - CUDA_VISIBLE_DEVICES: [1]
[2m[36m(_trainable pid=152639)[0m `Trainer.fit` stopped: `max_epochs=20` reached.
[2m[36m(_trainable pid=156570)[0m `Trainer.fit` stopped: `max_epochs=20` reached.
